[debug] [2026-02-26T14:54:35.652Z] ----------------------------------------------------------------------
[debug] [2026-02-26T14:54:35.654Z] Command:       /nix/store/ws50yvm6vzlzf7jzz6n7xh4szddrack1-nodejs-20.19.1/bin/node /nix/store/gm9mcvzb17vv8cla08khrg29vxn3sq4r-firebase-tools-15.1.0/lib/node_modules/firebase-tools/lib/bin/firebase.js init hosting
[debug] [2026-02-26T14:54:35.655Z] CLI Version:   15.1.0
[debug] [2026-02-26T14:54:35.655Z] Platform:      linux
[debug] [2026-02-26T14:54:35.655Z] Node Version:  v20.19.1
[debug] [2026-02-26T14:54:35.655Z] Time:          Thu Feb 26 2026 14:54:35 GMT+0000 (Coordinated Universal Time)
[debug] [2026-02-26T14:54:35.655Z] ----------------------------------------------------------------------
[debug] 
[debug] [2026-02-26T14:54:36.642Z] No OAuth tokens found
[debug] [2026-02-26T14:54:36.643Z] No OAuth tokens found
[error] Failed to fetch Firebase Project from current Studio Workspace: Unable to refresh auth: not yet authenticated.
[info] 
     ######## #### ########  ######## ########     ###     ######  ########
     ##        ##  ##     ## ##       ##     ##  ##   ##  ##       ##
     ######    ##  ########  ######   ########  #########  ######  ######
     ##        ##  ##    ##  ##       ##     ## ##     ##       ## ##
     ##       #### ##     ## ######## ########  ##     ##  ######  ########

You're about to initialize a Firebase project in this directory:

  /home/user/CalTrack-Mobile-App

[info] 
=== Project Setup
[info] 
[info] First, let's associate this project directory with a Firebase project.
[info] You can create multiple project aliases by running firebase use --add, 
[info] 
[debug] [2026-02-26T14:54:36.651Z] > command requires scopes: ["email","openid","https://www.googleapis.com/auth/cloudplatformprojects.readonly","https://www.googleapis.com/auth/firebase","https://www.googleapis.com/auth/cloud-platform","https://www.googleapis.com/auth/userinfo.email"]
[debug] [2026-02-26T14:54:36.651Z] > authorizing via signed-in user (6731503032@lamduan.mfu.ac.th)
[debug] [2026-02-26T14:54:36.652Z] No OAuth tokens found
[debug] [2026-02-26T14:54:36.652Z] No OAuth tokens found
[debug] [2026-02-26T14:54:36.652Z] > command requires scopes: ["email","openid","https://www.googleapis.com/auth/cloudplatformprojects.readonly","https://www.googleapis.com/auth/firebase","https://www.googleapis.com/auth/cloud-platform","https://www.googleapis.com/auth/userinfo.email"]
[debug] [2026-02-26T14:54:36.652Z] > authorizing via signed-in user (6731503032@lamduan.mfu.ac.th)
[debug] [2026-02-26T14:54:36.654Z] >>> [apiv2][query] GET https://firebase.googleapis.com/v1beta1/projects/caltrack-72fa8 [none]
[debug] [2026-02-26T14:54:36.961Z] <<< [apiv2][status] GET https://firebase.googleapis.com/v1beta1/projects/caltrack-72fa8 200
[debug] [2026-02-26T14:54:36.963Z] <<< [apiv2][body] GET https://firebase.googleapis.com/v1beta1/projects/caltrack-72fa8 {"projectId":"caltrack-72fa8","projectNumber":"817061065777","displayName":"CalTrack","name":"projects/caltrack-72fa8","resources":{"hostingSite":"caltrack-72fa8"},"state":"ACTIVE","etag":"1_08c4d153-4bfb-4bff-b9b8-a3332ff16760"}
[info] i  Using project caltrack-72fa8 (CalTrack) . 
[info] 
=== Hosting Setup
[debug] [2026-02-26T14:54:36.979Z] No OAuth tokens found
[debug] [2026-02-26T14:54:36.979Z] No OAuth tokens found
[debug] [2026-02-26T14:54:36.979Z] > command requires scopes: ["email","openid","https://www.googleapis.com/auth/cloudplatformprojects.readonly","https://www.googleapis.com/auth/firebase","https://www.googleapis.com/auth/cloud-platform","https://www.googleapis.com/auth/userinfo.email"]
[debug] [2026-02-26T14:54:36.979Z] > authorizing via signed-in user (6731503032@lamduan.mfu.ac.th)
[debug] [2026-02-26T14:54:36.979Z] >>> [apiv2][query] GET https://firebase.googleapis.com/v1beta1/projects/caltrack-72fa8 [none]
[debug] [2026-02-26T14:54:37.216Z] <<< [apiv2][status] GET https://firebase.googleapis.com/v1beta1/projects/caltrack-72fa8 200
[debug] [2026-02-26T14:54:37.217Z] <<< [apiv2][body] GET https://firebase.googleapis.com/v1beta1/projects/caltrack-72fa8 {"projectId":"caltrack-72fa8","projectNumber":"817061065777","displayName":"CalTrack","name":"projects/caltrack-72fa8","resources":{"hostingSite":"caltrack-72fa8"},"state":"ACTIVE","etag":"1_08c4d153-4bfb-4bff-b9b8-a3332ff16760"}
[info] 
[info] i  Detected a .git folder at /home/user/CalTrack-Mobile-App 
[info] i  Authorizing with GitHub to upload your service account to a GitHub repository's secrets store. 
[info] 
[info] Visit this URL on this device to log in:
[info] https://github.com/login/oauth/authorize?client_id=89cf50f02ac6aaed3484&state=601166693&redirect_uri=http%3A%2F%2Flocalhost%3A9005&scope=read%3Auser%20repo%20public_repo
[info] 
[info] Waiting for authentication...
